<?xml version="1.0" encoding="UTF-8"?>
<robot generator="Robot 4.1 (Python 3.9.6 on win32)" generated="20210907 15:05:05.047" rpa="false" schemaversion="2">
<suite id="s1" name="Test" source="C:\Users\moolya\Flipkart\Automation\Test.robot">
<test id="s1-t1" name="Observe user is able to test sanity flow">
<kw name="Given User Launch browser for flipkart">
<kw name="Open Browser" library="SeleniumLibrary">
<arg>https://www.flipkart.com/</arg>
<arg>chrome</arg>
<doc>Opens a new browser instance to the optional ``url``.</doc>
<msg timestamp="20210907 15:05:05.350" level="INFO">Opening browser 'chrome' to base url 'https://www.flipkart.com/'.</msg>
<status status="PASS" starttime="20210907 15:05:05.349" endtime="20210907 15:05:13.794"/>
</kw>
<kw name="Maximize Browser Window" library="SeleniumLibrary">
<doc>Maximizes current browser window.</doc>
<status status="PASS" starttime="20210907 15:05:13.794" endtime="20210907 15:05:13.971"/>
</kw>
<status status="PASS" starttime="20210907 15:05:05.349" endtime="20210907 15:05:13.971"/>
</kw>
<kw name="User Enter Mobile Number and password to login">
<kw name="Input Text" library="SeleniumLibrary">
<arg>${Mobile Number}</arg>
<arg>6300398045</arg>
<doc>Types the given ``text`` into the text field identified by ``locator``.</doc>
<msg timestamp="20210907 15:05:13.984" level="INFO">Typing text '6300398045' into text field 'xpath=/html/body/div[2]/div/div/div/div/div[2]/div/form/div[1]/input'.</msg>
<status status="PASS" starttime="20210907 15:05:13.983" endtime="20210907 15:05:14.191"/>
</kw>
<kw name="Sleep" library="BuiltIn">
<arg>5s</arg>
<doc>Pauses the test executed for the given time.</doc>
<msg timestamp="20210907 15:05:19.220" level="INFO">Slept 5 seconds</msg>
<status status="PASS" starttime="20210907 15:05:14.192" endtime="20210907 15:05:19.222"/>
</kw>
<kw name="Input Text" library="SeleniumLibrary">
<arg>${password}</arg>
<arg>kalpita</arg>
<doc>Types the given ``text`` into the text field identified by ``locator``.</doc>
<msg timestamp="20210907 15:05:19.232" level="INFO">Typing text 'kalpita' into text field 'xpath=/html/body/div[2]/div/div/div/div/div[2]/div/form/div[2]/input'.</msg>
<status status="PASS" starttime="20210907 15:05:19.222" endtime="20210907 15:05:19.440"/>
</kw>
<kw name="Click Button" library="SeleniumLibrary">
<arg>${submit}</arg>
<doc>Clicks the button identified by ``locator``.</doc>
<msg timestamp="20210907 15:05:19.441" level="INFO">Clicking button 'xpath=/html/body/div[2]/div/div/div/div/div[2]/div/form/div[4]/button'.</msg>
<status status="PASS" starttime="20210907 15:05:19.440" endtime="20210907 15:05:19.569"/>
</kw>
<kw name="Sleep" library="BuiltIn">
<arg>5s</arg>
<doc>Pauses the test executed for the given time.</doc>
<msg timestamp="20210907 15:05:24.583" level="INFO">Slept 5 seconds</msg>
<status status="PASS" starttime="20210907 15:05:19.569" endtime="20210907 15:05:24.584"/>
</kw>
<status status="PASS" starttime="20210907 15:05:13.981" endtime="20210907 15:05:24.584"/>
</kw>
<kw name="User click on electronics section">
<kw name="Mouse Over" library="SeleniumLibrary">
<arg>${Electronics}</arg>
<doc>Simulates hovering the mouse over the element ``locator``.</doc>
<msg timestamp="20210907 15:05:24.587" level="INFO">Simulating Mouse Over on element 'xpath=//*[@id="container"]/div/div[2]/div/div/div[5]/a/div[2]/div/div'.</msg>
<status status="PASS" starttime="20210907 15:05:24.586" endtime="20210907 15:05:24.881"/>
</kw>
<kw name="Sleep" library="BuiltIn">
<arg>5s</arg>
<doc>Pauses the test executed for the given time.</doc>
<msg timestamp="20210907 15:05:29.886" level="INFO">Slept 5 seconds</msg>
<status status="PASS" starttime="20210907 15:05:24.881" endtime="20210907 15:05:29.887"/>
</kw>
<kw name="Mouse Over" library="SeleniumLibrary">
<arg>link:Powerbank</arg>
<doc>Simulates hovering the mouse over the element ``locator``.</doc>
<msg timestamp="20210907 15:05:29.887" level="INFO">Simulating Mouse Over on element 'link:Powerbank'.</msg>
<status status="PASS" starttime="20210907 15:05:29.887" endtime="20210907 15:05:30.407"/>
</kw>
<kw name="Click Link" library="SeleniumLibrary">
<arg>link:Powerbank</arg>
<doc>Clicks a link identified by ``locator``.</doc>
<msg timestamp="20210907 15:05:30.408" level="INFO">Clicking link 'link:Powerbank'.</msg>
<status status="PASS" starttime="20210907 15:05:30.407" endtime="20210907 15:05:30.700"/>
</kw>
<kw name="Sleep" library="BuiltIn">
<arg>5s</arg>
<doc>Pauses the test executed for the given time.</doc>
<msg timestamp="20210907 15:05:35.707" level="INFO">Slept 5 seconds</msg>
<status status="PASS" starttime="20210907 15:05:30.700" endtime="20210907 15:05:35.707"/>
</kw>
<status status="PASS" starttime="20210907 15:05:24.585" endtime="20210907 15:05:35.707"/>
</kw>
<kw name="User select product">
<kw name="Click Element" library="SeleniumLibrary">
<arg>${product}</arg>
<doc>Click the element identified by ``locator``.</doc>
<msg timestamp="20210907 15:05:35.708" level="INFO">Clicking element 'xpath=//*[@id="container"]/div/div[3]/div[1]/div[2]/div[2]/div/div[1]/div/a[2]'.</msg>
<status status="PASS" starttime="20210907 15:05:35.708" endtime="20210907 15:05:35.847"/>
</kw>
<kw name="Sleep" library="BuiltIn">
<arg>5s</arg>
<doc>Pauses the test executed for the given time.</doc>
<msg timestamp="20210907 15:05:40.852" level="INFO">Slept 5 seconds</msg>
<status status="PASS" starttime="20210907 15:05:35.849" endtime="20210907 15:05:40.853"/>
</kw>
<kw name="Switch Window" library="SeleniumLibrary">
<arg>locator=NEW</arg>
<doc>Switches to browser window matching ``locator``.</doc>
<status status="PASS" starttime="20210907 15:05:40.853" endtime="20210907 15:05:40.870"/>
</kw>
<kw name="Sleep" library="BuiltIn">
<arg>2s</arg>
<doc>Pauses the test executed for the given time.</doc>
<msg timestamp="20210907 15:05:42.883" level="INFO">Slept 2 seconds</msg>
<status status="PASS" starttime="20210907 15:05:40.870" endtime="20210907 15:05:42.883"/>
</kw>
<status status="PASS" starttime="20210907 15:05:35.708" endtime="20210907 15:05:42.884"/>
</kw>
<kw name="User add item to cart">
<kw name="Execute Javascript" library="SeleniumLibrary">
<arg>window.scrollTo(0,200)</arg>
<doc>Executes the given JavaScript code with possible arguments.</doc>
<msg timestamp="20210907 15:05:42.887" level="INFO">Executing JavaScript:
window.scrollTo(0,200)
Without any arguments.</msg>
<status status="PASS" starttime="20210907 15:05:42.886" endtime="20210907 15:05:42.914"/>
</kw>
<kw name="Click Button" library="SeleniumLibrary">
<arg>${ADD TO CART}</arg>
<doc>Clicks the button identified by ``locator``.</doc>
<msg timestamp="20210907 15:05:42.915" level="INFO">Clicking button 'xpath=//*[@id="container"]/div/div[3]/div[1]/div[1]/div[2]/div/ul/li[1]/button'.</msg>
<status status="PASS" starttime="20210907 15:05:42.914" endtime="20210907 15:05:43.049"/>
</kw>
<kw name="Sleep" library="BuiltIn">
<arg>2s</arg>
<doc>Pauses the test executed for the given time.</doc>
<msg timestamp="20210907 15:05:45.060" level="INFO">Slept 2 seconds</msg>
<status status="PASS" starttime="20210907 15:05:43.049" endtime="20210907 15:05:45.061"/>
</kw>
<status status="PASS" starttime="20210907 15:05:42.885" endtime="20210907 15:05:45.061"/>
</kw>
<kw name="User go back to homepage">
<kw name="Click Element" library="SeleniumLibrary">
<arg>${Homepage}</arg>
<doc>Click the element identified by ``locator``.</doc>
<msg timestamp="20210907 15:05:45.063" level="INFO">Clicking element 'xpath=//*[@id="container"]/div/div[1]/div[1]/div[2]/div[1]/div/a/img'.</msg>
<status status="PASS" starttime="20210907 15:05:45.062" endtime="20210907 15:05:45.127"/>
</kw>
<kw name="Sleep" library="BuiltIn">
<arg>2s</arg>
<doc>Pauses the test executed for the given time.</doc>
<msg timestamp="20210907 15:05:47.131" level="INFO">Slept 2 seconds</msg>
<status status="PASS" starttime="20210907 15:05:45.128" endtime="20210907 15:05:47.131"/>
</kw>
<status status="PASS" starttime="20210907 15:05:45.062" endtime="20210907 15:05:47.132"/>
</kw>
<kw name="User go to cart">
<kw name="Click Element" library="SeleniumLibrary">
<arg>${go to cart}</arg>
<doc>Click the element identified by ``locator``.</doc>
<msg timestamp="20210907 15:05:47.138" level="INFO">Clicking element 'xpath=//*[@id="container"]/div/div[1]/div[1]/div[2]/div[5]/div/div/a'.</msg>
<status status="PASS" starttime="20210907 15:05:47.136" endtime="20210907 15:05:47.268"/>
</kw>
<kw name="Sleep" library="BuiltIn">
<arg>10s</arg>
<doc>Pauses the test executed for the given time.</doc>
<msg timestamp="20210907 15:05:57.271" level="INFO">Slept 10 seconds</msg>
<status status="PASS" starttime="20210907 15:05:47.268" endtime="20210907 15:05:57.271"/>
</kw>
<kw name="Close Browser" library="SeleniumLibrary">
<doc>Closes the current browser.</doc>
<status status="PASS" starttime="20210907 15:05:57.271" endtime="20210907 15:05:59.624"/>
</kw>
<status status="PASS" starttime="20210907 15:05:47.134" endtime="20210907 15:05:59.625"/>
</kw>
<status status="PASS" starttime="20210907 15:05:05.348" endtime="20210907 15:05:59.625"/>
</test>
<status status="PASS" starttime="20210907 15:05:05.049" endtime="20210907 15:05:59.646"/>
</suite>
<statistics>
<total>
<stat pass="1" fail="0" skip="0">All Tests</stat>
</total>
<tag>
</tag>
<suite>
<stat pass="1" fail="0" skip="0" id="s1" name="Test">Test</stat>
</suite>
</statistics>
<errors>
</errors>
</robot>
